<?xml version="1.0" encoding="UTF-8"?>
<testng-results ignored="0" total="5" passed="0" failed="0" skipped="5">
  <reporter-output>
  </reporter-output>
  <suite started-at="2024-05-15T13:13:42 IST" name="Suite" finished-at="2024-05-15T13:13:43 IST" duration-ms="681">
    <groups>
    </groups>
    <test started-at="2024-05-15T13:13:42 IST" name="Pixel_5" finished-at="2024-05-15T13:13:43 IST" duration-ms="681">
      <class name="com.qa.tests.LoginTests">
        <test-method is-config="true" signature="beforeSuite()[pri:0, instance:com.qa.tests.LoginTests@189cbd7c]" started-at="2024-05-15T13:13:40 IST" name="beforeSuite" finished-at="2024-05-15T13:13:42 IST" duration-ms="1924" status="PASS">
          <reporter-output>
          </reporter-output>
        </test-method> <!-- beforeSuite -->
        <test-method is-config="true" signature="beforeTest(java.lang.String,java.lang.String,java.lang.String,java.lang.String,java.lang.String,java.lang.String,java.lang.String,java.lang.String)[pri:0, instance:com.qa.tests.LoginTests@189cbd7c]" started-at="2024-05-15T13:13:42 IST" name="beforeTest" finished-at="2024-05-15T13:13:42 IST" duration-ms="469" status="FAIL">
          <params>
            <param index="0">
              <value>
                <![CDATA[true]]>
              </value>
            </param>
            <param index="1">
              <value>
                <![CDATA[Android]]>
              </value>
            </param>
            <param index="2">
              <value>
                <![CDATA[emulator-5554]]>
              </value>
            </param>
            <param index="3">
              <value>
                <![CDATA[Pixel_7]]>
              </value>
            </param>
            <param index="4">
              <value>
                <![CDATA[10000]]>
              </value>
            </param>
            <param index="5">
              <value>
                <![CDATA[11000]]>
              </value>
            </param>
            <param index="6">
              <value>
                <![CDATA[iOSOnly]]>
              </value>
            </param>
            <param index="7">
              <value>
                <![CDATA[iOSOnly]]>
              </value>
            </param>
          </params>
          <exception class="org.openqa.selenium.SessionNotCreatedException">
            <message>
              <![CDATA[Could not start a new session. Response code 404. Message: The requested resource could not be found, or a request was received using an HTTP method that is not supported by the mapped resource 
Host info: host: 'LAPTOP-N6849G24', ip: '192.168.1.144'
Build info: version: '4.20.0', revision: '866c76ca80'
System info: os.name: 'Windows 11', os.arch: 'amd64', os.version: '10.0', java.version: '17.0.7'
Driver info: io.appium.java_client.android.AndroidDriver
Command: [null, newSession {capabilities=[{platformName=ANDROID, appium:chromeDriverPort=11000, appium:systemPort=10000, appium:avd=Pixel_7, appium:appActivity=com.swaglabsmobileapp.SplashActivity, appium:deviceName=Pixel_7, appium:app=C:\Users\excel\eclipse-workspace\TDDFramework\src\test\resources\app\Android.SauceLabs.Mobile.Sample.app.2.7.1.apk, appium:appPackage=com.swaglabsmobileapp, appium:avdLaunchTimeout=120000, appium:udid=emulator-5554, appium:automationName=UiAutomator2}], desiredCapabilities=Capabilities {app: C:\Users\excel\eclipse-work..., appActivity: com.swaglabsmobileapp.Splas..., appPackage: com.swaglabsmobileapp, automationName: UiAutomator2, avd: Pixel_7, avdLaunchTimeout: 120000, chromeDriverPort: 11000, deviceName: Pixel_7, platformName: ANDROID, systemPort: 10000, udid: emulator-5554}}]
Capabilities {app: C:\Users\excel\eclipse-work..., appActivity: com.swaglabsmobileapp.Splas..., appPackage: com.swaglabsmobileapp, automationName: UiAutomator2, avd: Pixel_7, avdLaunchTimeout: 120000, chromeDriverPort: 11000, deviceName: Pixel_7, platformName: ANDROID, systemPort: 10000, udid: emulator-5554}]]>
            </message>
            <full-stacktrace>
              <![CDATA[org.openqa.selenium.SessionNotCreatedException: Could not start a new session. Response code 404. Message: The requested resource could not be found, or a request was received using an HTTP method that is not supported by the mapped resource 
Host info: host: 'LAPTOP-N6849G24', ip: '192.168.1.144'
Build info: version: '4.20.0', revision: '866c76ca80'
System info: os.name: 'Windows 11', os.arch: 'amd64', os.version: '10.0', java.version: '17.0.7'
Driver info: io.appium.java_client.android.AndroidDriver
Command: [null, newSession {capabilities=[{platformName=ANDROID, appium:chromeDriverPort=11000, appium:systemPort=10000, appium:avd=Pixel_7, appium:appActivity=com.swaglabsmobileapp.SplashActivity, appium:deviceName=Pixel_7, appium:app=C:\Users\excel\eclipse-workspace\TDDFramework\src\test\resources\app\Android.SauceLabs.Mobile.Sample.app.2.7.1.apk, appium:appPackage=com.swaglabsmobileapp, appium:avdLaunchTimeout=120000, appium:udid=emulator-5554, appium:automationName=UiAutomator2}], desiredCapabilities=Capabilities {app: C:\Users\excel\eclipse-work..., appActivity: com.swaglabsmobileapp.Splas..., appPackage: com.swaglabsmobileapp, automationName: UiAutomator2, avd: Pixel_7, avdLaunchTimeout: 120000, chromeDriverPort: 11000, deviceName: Pixel_7, platformName: ANDROID, systemPort: 10000, udid: emulator-5554}}]
Capabilities {app: C:\Users\excel\eclipse-work..., appActivity: com.swaglabsmobileapp.Splas..., appPackage: com.swaglabsmobileapp, automationName: UiAutomator2, avd: Pixel_7, avdLaunchTimeout: 120000, chromeDriverPort: 11000, deviceName: Pixel_7, platformName: ANDROID, systemPort: 10000, udid: emulator-5554}
at org.openqa.selenium.remote.ProtocolHandshake.createSession(ProtocolHandshake.java:114)
at java.base/jdk.internal.reflect.NativeMethodAccessorImpl.invoke0(Native Method)
at java.base/jdk.internal.reflect.NativeMethodAccessorImpl.invoke(NativeMethodAccessorImpl.java:77)
at java.base/jdk.internal.reflect.DelegatingMethodAccessorImpl.invoke(DelegatingMethodAccessorImpl.java:43)
at java.base/java.lang.reflect.Method.invoke(Method.java:568)
at io.appium.java_client.remote.AppiumProtocolHandshake.createSession(AppiumProtocolHandshake.java:116)
at io.appium.java_client.remote.AppiumProtocolHandshake.createSession(AppiumProtocolHandshake.java:96)
at io.appium.java_client.remote.AppiumCommandExecutor.createSession(AppiumCommandExecutor.java:176)
at io.appium.java_client.remote.AppiumCommandExecutor.execute(AppiumCommandExecutor.java:237)
at org.openqa.selenium.remote.RemoteWebDriver.execute(RemoteWebDriver.java:518)
at io.appium.java_client.AppiumDriver.startSession(AppiumDriver.java:268)
at org.openqa.selenium.remote.RemoteWebDriver.<init>(RemoteWebDriver.java:161)
at io.appium.java_client.AppiumDriver.<init>(AppiumDriver.java:90)
at io.appium.java_client.AppiumDriver.<init>(AppiumDriver.java:102)
at io.appium.java_client.android.AndroidDriver.<init>(AndroidDriver.java:109)
at com.qa.BaseTest.beforeTest(BaseTest.java:270)
at java.base/jdk.internal.reflect.NativeMethodAccessorImpl.invoke0(Native Method)
at java.base/jdk.internal.reflect.NativeMethodAccessorImpl.invoke(NativeMethodAccessorImpl.java:77)
at java.base/jdk.internal.reflect.DelegatingMethodAccessorImpl.invoke(DelegatingMethodAccessorImpl.java:43)
at java.base/java.lang.reflect.Method.invoke(Method.java:568)
at org.testng.internal.invokers.MethodInvocationHelper.invokeMethod(MethodInvocationHelper.java:139)
at org.testng.internal.invokers.MethodInvocationHelper.invokeMethodConsideringTimeout(MethodInvocationHelper.java:69)
at org.testng.internal.invokers.ConfigInvoker.invokeConfigurationMethod(ConfigInvoker.java:393)
at org.testng.internal.invokers.ConfigInvoker.invokeConfigurations(ConfigInvoker.java:326)
at org.testng.TestRunner.invokeTestConfigurations(TestRunner.java:661)
at org.testng.TestRunner.beforeRun(TestRunner.java:650)
at org.testng.TestRunner.run(TestRunner.java:612)
at org.testng.SuiteRunner.runTest(SuiteRunner.java:443)
at org.testng.SuiteRunner$SuiteWorker.run(SuiteRunner.java:481)
at org.testng.internal.thread.ThreadUtil.lambda$execute$0(ThreadUtil.java:58)
at java.base/java.util.concurrent.FutureTask.run(FutureTask.java:264)
at java.base/java.util.concurrent.ThreadPoolExecutor.runWorker(ThreadPoolExecutor.java:1136)
at java.base/java.util.concurrent.ThreadPoolExecutor$Worker.run(ThreadPoolExecutor.java:635)
at java.base/java.lang.Thread.run(Thread.java:833)
]]>
            </full-stacktrace>
          </exception> <!-- org.openqa.selenium.SessionNotCreatedException -->
          <reporter-output>
          </reporter-output>
        </test-method> <!-- beforeTest -->
        <test-method is-config="true" signature="beforeClass()[pri:0, instance:com.qa.tests.LoginTests@189cbd7c]" started-at="2024-05-15T13:13:42 IST" name="beforeClass" finished-at="2024-05-15T13:13:42 IST" duration-ms="0" status="SKIP">
          <reporter-output>
          </reporter-output>
        </test-method> <!-- beforeClass -->
        <test-method is-config="true" signature="beforeMethod()[pri:0, instance:com.qa.tests.LoginTests@189cbd7c]" started-at="2024-05-15T13:13:42 IST" name="beforeMethod" finished-at="2024-05-15T13:13:42 IST" duration-ms="0" status="SKIP">
          <reporter-output>
          </reporter-output>
        </test-method> <!-- beforeMethod -->
        <test-method is-config="true" signature="beforeMethod(java.lang.reflect.Method)[pri:0, instance:com.qa.tests.LoginTests@189cbd7c]" started-at="2024-05-15T13:13:42 IST" name="beforeMethod" finished-at="2024-05-15T13:13:42 IST" duration-ms="0" status="SKIP">
          <reporter-output>
          </reporter-output>
        </test-method> <!-- beforeMethod -->
        <test-method signature="invalidPassword()[pri:0, instance:com.qa.tests.LoginTests@189cbd7c]" started-at="2024-05-15T13:13:42 IST" name="invalidPassword" finished-at="2024-05-15T13:13:42 IST" duration-ms="0" status="SKIP">
          <exception class="org.openqa.selenium.SessionNotCreatedException">
            <message>
              <![CDATA[Could not start a new session. Response code 404. Message: The requested resource could not be found, or a request was received using an HTTP method that is not supported by the mapped resource 
Host info: host: 'LAPTOP-N6849G24', ip: '192.168.1.144'
Build info: version: '4.20.0', revision: '866c76ca80'
System info: os.name: 'Windows 11', os.arch: 'amd64', os.version: '10.0', java.version: '17.0.7'
Driver info: io.appium.java_client.android.AndroidDriver
Command: [null, newSession {capabilities=[{platformName=ANDROID, appium:chromeDriverPort=11000, appium:systemPort=10000, appium:avd=Pixel_7, appium:appActivity=com.swaglabsmobileapp.SplashActivity, appium:deviceName=Pixel_7, appium:app=C:\Users\excel\eclipse-workspace\TDDFramework\src\test\resources\app\Android.SauceLabs.Mobile.Sample.app.2.7.1.apk, appium:appPackage=com.swaglabsmobileapp, appium:avdLaunchTimeout=120000, appium:udid=emulator-5554, appium:automationName=UiAutomator2}], desiredCapabilities=Capabilities {app: C:\Users\excel\eclipse-work..., appActivity: com.swaglabsmobileapp.Splas..., appPackage: com.swaglabsmobileapp, automationName: UiAutomator2, avd: Pixel_7, avdLaunchTimeout: 120000, chromeDriverPort: 11000, deviceName: Pixel_7, platformName: ANDROID, systemPort: 10000, udid: emulator-5554}}]
Capabilities {app: C:\Users\excel\eclipse-work..., appActivity: com.swaglabsmobileapp.Splas..., appPackage: com.swaglabsmobileapp, automationName: UiAutomator2, avd: Pixel_7, avdLaunchTimeout: 120000, chromeDriverPort: 11000, deviceName: Pixel_7, platformName: ANDROID, systemPort: 10000, udid: emulator-5554}]]>
            </message>
            <full-stacktrace>
              <![CDATA[org.openqa.selenium.SessionNotCreatedException: Could not start a new session. Response code 404. Message: The requested resource could not be found, or a request was received using an HTTP method that is not supported by the mapped resource 
Host info: host: 'LAPTOP-N6849G24', ip: '192.168.1.144'
Build info: version: '4.20.0', revision: '866c76ca80'
System info: os.name: 'Windows 11', os.arch: 'amd64', os.version: '10.0', java.version: '17.0.7'
Driver info: io.appium.java_client.android.AndroidDriver
Command: [null, newSession {capabilities=[{platformName=ANDROID, appium:chromeDriverPort=11000, appium:systemPort=10000, appium:avd=Pixel_7, appium:appActivity=com.swaglabsmobileapp.SplashActivity, appium:deviceName=Pixel_7, appium:app=C:\Users\excel\eclipse-workspace\TDDFramework\src\test\resources\app\Android.SauceLabs.Mobile.Sample.app.2.7.1.apk, appium:appPackage=com.swaglabsmobileapp, appium:avdLaunchTimeout=120000, appium:udid=emulator-5554, appium:automationName=UiAutomator2}], desiredCapabilities=Capabilities {app: C:\Users\excel\eclipse-work..., appActivity: com.swaglabsmobileapp.Splas..., appPackage: com.swaglabsmobileapp, automationName: UiAutomator2, avd: Pixel_7, avdLaunchTimeout: 120000, chromeDriverPort: 11000, deviceName: Pixel_7, platformName: ANDROID, systemPort: 10000, udid: emulator-5554}}]
Capabilities {app: C:\Users\excel\eclipse-work..., appActivity: com.swaglabsmobileapp.Splas..., appPackage: com.swaglabsmobileapp, automationName: UiAutomator2, avd: Pixel_7, avdLaunchTimeout: 120000, chromeDriverPort: 11000, deviceName: Pixel_7, platformName: ANDROID, systemPort: 10000, udid: emulator-5554}
at org.openqa.selenium.remote.ProtocolHandshake.createSession(ProtocolHandshake.java:114)
at java.base/jdk.internal.reflect.NativeMethodAccessorImpl.invoke0(Native Method)
at java.base/jdk.internal.reflect.NativeMethodAccessorImpl.invoke(NativeMethodAccessorImpl.java:77)
at java.base/jdk.internal.reflect.DelegatingMethodAccessorImpl.invoke(DelegatingMethodAccessorImpl.java:43)
at java.base/java.lang.reflect.Method.invoke(Method.java:568)
at io.appium.java_client.remote.AppiumProtocolHandshake.createSession(AppiumProtocolHandshake.java:116)
at io.appium.java_client.remote.AppiumProtocolHandshake.createSession(AppiumProtocolHandshake.java:96)
at io.appium.java_client.remote.AppiumCommandExecutor.createSession(AppiumCommandExecutor.java:176)
at io.appium.java_client.remote.AppiumCommandExecutor.execute(AppiumCommandExecutor.java:237)
at org.openqa.selenium.remote.RemoteWebDriver.execute(RemoteWebDriver.java:518)
at io.appium.java_client.AppiumDriver.startSession(AppiumDriver.java:268)
at org.openqa.selenium.remote.RemoteWebDriver.<init>(RemoteWebDriver.java:161)
at io.appium.java_client.AppiumDriver.<init>(AppiumDriver.java:90)
at io.appium.java_client.AppiumDriver.<init>(AppiumDriver.java:102)
at io.appium.java_client.android.AndroidDriver.<init>(AndroidDriver.java:109)
at com.qa.BaseTest.beforeTest(BaseTest.java:270)
at java.base/jdk.internal.reflect.NativeMethodAccessorImpl.invoke0(Native Method)
at java.base/jdk.internal.reflect.NativeMethodAccessorImpl.invoke(NativeMethodAccessorImpl.java:77)
at java.base/jdk.internal.reflect.DelegatingMethodAccessorImpl.invoke(DelegatingMethodAccessorImpl.java:43)
at java.base/java.lang.reflect.Method.invoke(Method.java:568)
at org.testng.internal.invokers.MethodInvocationHelper.invokeMethod(MethodInvocationHelper.java:139)
at org.testng.internal.invokers.MethodInvocationHelper.invokeMethodConsideringTimeout(MethodInvocationHelper.java:69)
at org.testng.internal.invokers.ConfigInvoker.invokeConfigurationMethod(ConfigInvoker.java:393)
at org.testng.internal.invokers.ConfigInvoker.invokeConfigurations(ConfigInvoker.java:326)
at org.testng.TestRunner.invokeTestConfigurations(TestRunner.java:661)
at org.testng.TestRunner.beforeRun(TestRunner.java:650)
at org.testng.TestRunner.run(TestRunner.java:612)
at org.testng.SuiteRunner.runTest(SuiteRunner.java:443)
at org.testng.SuiteRunner$SuiteWorker.run(SuiteRunner.java:481)
at org.testng.internal.thread.ThreadUtil.lambda$execute$0(ThreadUtil.java:58)
at java.base/java.util.concurrent.FutureTask.run(FutureTask.java:264)
at java.base/java.util.concurrent.ThreadPoolExecutor.runWorker(ThreadPoolExecutor.java:1136)
at java.base/java.util.concurrent.ThreadPoolExecutor$Worker.run(ThreadPoolExecutor.java:635)
at java.base/java.lang.Thread.run(Thread.java:833)
]]>
            </full-stacktrace>
          </exception> <!-- org.openqa.selenium.SessionNotCreatedException -->
          <reporter-output>
          </reporter-output>
        </test-method> <!-- invalidPassword -->
        <test-method is-config="true" signature="afterMethod()[pri:0, instance:com.qa.tests.LoginTests@189cbd7c]" started-at="2024-05-15T13:13:43 IST" name="afterMethod" finished-at="2024-05-15T13:13:43 IST" duration-ms="0" status="SKIP">
          <reporter-output>
          </reporter-output>
        </test-method> <!-- afterMethod -->
        <test-method is-config="true" signature="afterMethod(org.testng.ITestResult)[pri:0, instance:com.qa.tests.LoginTests@189cbd7c]" started-at="2024-05-15T13:13:43 IST" name="afterMethod" finished-at="2024-05-15T13:13:43 IST" duration-ms="0" status="SKIP">
          <reporter-output>
          </reporter-output>
        </test-method> <!-- afterMethod -->
        <test-method is-config="true" signature="beforeMethod()[pri:0, instance:com.qa.tests.LoginTests@189cbd7c]" started-at="2024-05-15T13:13:43 IST" name="beforeMethod" finished-at="2024-05-15T13:13:43 IST" duration-ms="0" status="SKIP">
          <reporter-output>
          </reporter-output>
        </test-method> <!-- beforeMethod -->
        <test-method is-config="true" signature="beforeMethod(java.lang.reflect.Method)[pri:0, instance:com.qa.tests.LoginTests@189cbd7c]" started-at="2024-05-15T13:13:43 IST" name="beforeMethod" finished-at="2024-05-15T13:13:43 IST" duration-ms="0" status="SKIP">
          <reporter-output>
          </reporter-output>
        </test-method> <!-- beforeMethod -->
        <test-method signature="invalidUserName()[pri:0, instance:com.qa.tests.LoginTests@189cbd7c]" started-at="2024-05-15T13:13:43 IST" name="invalidUserName" finished-at="2024-05-15T13:13:43 IST" duration-ms="0" status="SKIP">
          <exception class="org.openqa.selenium.SessionNotCreatedException">
            <message>
              <![CDATA[Could not start a new session. Response code 404. Message: The requested resource could not be found, or a request was received using an HTTP method that is not supported by the mapped resource 
Host info: host: 'LAPTOP-N6849G24', ip: '192.168.1.144'
Build info: version: '4.20.0', revision: '866c76ca80'
System info: os.name: 'Windows 11', os.arch: 'amd64', os.version: '10.0', java.version: '17.0.7'
Driver info: io.appium.java_client.android.AndroidDriver
Command: [null, newSession {capabilities=[{platformName=ANDROID, appium:chromeDriverPort=11000, appium:systemPort=10000, appium:avd=Pixel_7, appium:appActivity=com.swaglabsmobileapp.SplashActivity, appium:deviceName=Pixel_7, appium:app=C:\Users\excel\eclipse-workspace\TDDFramework\src\test\resources\app\Android.SauceLabs.Mobile.Sample.app.2.7.1.apk, appium:appPackage=com.swaglabsmobileapp, appium:avdLaunchTimeout=120000, appium:udid=emulator-5554, appium:automationName=UiAutomator2}], desiredCapabilities=Capabilities {app: C:\Users\excel\eclipse-work..., appActivity: com.swaglabsmobileapp.Splas..., appPackage: com.swaglabsmobileapp, automationName: UiAutomator2, avd: Pixel_7, avdLaunchTimeout: 120000, chromeDriverPort: 11000, deviceName: Pixel_7, platformName: ANDROID, systemPort: 10000, udid: emulator-5554}}]
Capabilities {app: C:\Users\excel\eclipse-work..., appActivity: com.swaglabsmobileapp.Splas..., appPackage: com.swaglabsmobileapp, automationName: UiAutomator2, avd: Pixel_7, avdLaunchTimeout: 120000, chromeDriverPort: 11000, deviceName: Pixel_7, platformName: ANDROID, systemPort: 10000, udid: emulator-5554}]]>
            </message>
            <full-stacktrace>
              <![CDATA[org.openqa.selenium.SessionNotCreatedException: Could not start a new session. Response code 404. Message: The requested resource could not be found, or a request was received using an HTTP method that is not supported by the mapped resource 
Host info: host: 'LAPTOP-N6849G24', ip: '192.168.1.144'
Build info: version: '4.20.0', revision: '866c76ca80'
System info: os.name: 'Windows 11', os.arch: 'amd64', os.version: '10.0', java.version: '17.0.7'
Driver info: io.appium.java_client.android.AndroidDriver
Command: [null, newSession {capabilities=[{platformName=ANDROID, appium:chromeDriverPort=11000, appium:systemPort=10000, appium:avd=Pixel_7, appium:appActivity=com.swaglabsmobileapp.SplashActivity, appium:deviceName=Pixel_7, appium:app=C:\Users\excel\eclipse-workspace\TDDFramework\src\test\resources\app\Android.SauceLabs.Mobile.Sample.app.2.7.1.apk, appium:appPackage=com.swaglabsmobileapp, appium:avdLaunchTimeout=120000, appium:udid=emulator-5554, appium:automationName=UiAutomator2}], desiredCapabilities=Capabilities {app: C:\Users\excel\eclipse-work..., appActivity: com.swaglabsmobileapp.Splas..., appPackage: com.swaglabsmobileapp, automationName: UiAutomator2, avd: Pixel_7, avdLaunchTimeout: 120000, chromeDriverPort: 11000, deviceName: Pixel_7, platformName: ANDROID, systemPort: 10000, udid: emulator-5554}}]
Capabilities {app: C:\Users\excel\eclipse-work..., appActivity: com.swaglabsmobileapp.Splas..., appPackage: com.swaglabsmobileapp, automationName: UiAutomator2, avd: Pixel_7, avdLaunchTimeout: 120000, chromeDriverPort: 11000, deviceName: Pixel_7, platformName: ANDROID, systemPort: 10000, udid: emulator-5554}
at org.openqa.selenium.remote.ProtocolHandshake.createSession(ProtocolHandshake.java:114)
at java.base/jdk.internal.reflect.NativeMethodAccessorImpl.invoke0(Native Method)
at java.base/jdk.internal.reflect.NativeMethodAccessorImpl.invoke(NativeMethodAccessorImpl.java:77)
at java.base/jdk.internal.reflect.DelegatingMethodAccessorImpl.invoke(DelegatingMethodAccessorImpl.java:43)
at java.base/java.lang.reflect.Method.invoke(Method.java:568)
at io.appium.java_client.remote.AppiumProtocolHandshake.createSession(AppiumProtocolHandshake.java:116)
at io.appium.java_client.remote.AppiumProtocolHandshake.createSession(AppiumProtocolHandshake.java:96)
at io.appium.java_client.remote.AppiumCommandExecutor.createSession(AppiumCommandExecutor.java:176)
at io.appium.java_client.remote.AppiumCommandExecutor.execute(AppiumCommandExecutor.java:237)
at org.openqa.selenium.remote.RemoteWebDriver.execute(RemoteWebDriver.java:518)
at io.appium.java_client.AppiumDriver.startSession(AppiumDriver.java:268)
at org.openqa.selenium.remote.RemoteWebDriver.<init>(RemoteWebDriver.java:161)
at io.appium.java_client.AppiumDriver.<init>(AppiumDriver.java:90)
at io.appium.java_client.AppiumDriver.<init>(AppiumDriver.java:102)
at io.appium.java_client.android.AndroidDriver.<init>(AndroidDriver.java:109)
at com.qa.BaseTest.beforeTest(BaseTest.java:270)
at java.base/jdk.internal.reflect.NativeMethodAccessorImpl.invoke0(Native Method)
at java.base/jdk.internal.reflect.NativeMethodAccessorImpl.invoke(NativeMethodAccessorImpl.java:77)
at java.base/jdk.internal.reflect.DelegatingMethodAccessorImpl.invoke(DelegatingMethodAccessorImpl.java:43)
at java.base/java.lang.reflect.Method.invoke(Method.java:568)
at org.testng.internal.invokers.MethodInvocationHelper.invokeMethod(MethodInvocationHelper.java:139)
at org.testng.internal.invokers.MethodInvocationHelper.invokeMethodConsideringTimeout(MethodInvocationHelper.java:69)
at org.testng.internal.invokers.ConfigInvoker.invokeConfigurationMethod(ConfigInvoker.java:393)
at org.testng.internal.invokers.ConfigInvoker.invokeConfigurations(ConfigInvoker.java:326)
at org.testng.TestRunner.invokeTestConfigurations(TestRunner.java:661)
at org.testng.TestRunner.beforeRun(TestRunner.java:650)
at org.testng.TestRunner.run(TestRunner.java:612)
at org.testng.SuiteRunner.runTest(SuiteRunner.java:443)
at org.testng.SuiteRunner$SuiteWorker.run(SuiteRunner.java:481)
at org.testng.internal.thread.ThreadUtil.lambda$execute$0(ThreadUtil.java:58)
at java.base/java.util.concurrent.FutureTask.run(FutureTask.java:264)
at java.base/java.util.concurrent.ThreadPoolExecutor.runWorker(ThreadPoolExecutor.java:1136)
at java.base/java.util.concurrent.ThreadPoolExecutor$Worker.run(ThreadPoolExecutor.java:635)
at java.base/java.lang.Thread.run(Thread.java:833)
]]>
            </full-stacktrace>
          </exception> <!-- org.openqa.selenium.SessionNotCreatedException -->
          <reporter-output>
          </reporter-output>
        </test-method> <!-- invalidUserName -->
        <test-method is-config="true" signature="afterMethod()[pri:0, instance:com.qa.tests.LoginTests@189cbd7c]" started-at="2024-05-15T13:13:43 IST" name="afterMethod" finished-at="2024-05-15T13:13:43 IST" duration-ms="0" status="SKIP">
          <reporter-output>
          </reporter-output>
        </test-method> <!-- afterMethod -->
        <test-method is-config="true" signature="afterMethod(org.testng.ITestResult)[pri:0, instance:com.qa.tests.LoginTests@189cbd7c]" started-at="2024-05-15T13:13:43 IST" name="afterMethod" finished-at="2024-05-15T13:13:43 IST" duration-ms="0" status="SKIP">
          <reporter-output>
          </reporter-output>
        </test-method> <!-- afterMethod -->
        <test-method is-config="true" signature="beforeMethod(java.lang.reflect.Method)[pri:0, instance:com.qa.tests.LoginTests@189cbd7c]" started-at="2024-05-15T13:13:43 IST" name="beforeMethod" finished-at="2024-05-15T13:13:43 IST" duration-ms="0" status="SKIP">
          <reporter-output>
          </reporter-output>
        </test-method> <!-- beforeMethod -->
        <test-method is-config="true" signature="beforeMethod()[pri:0, instance:com.qa.tests.LoginTests@189cbd7c]" started-at="2024-05-15T13:13:43 IST" name="beforeMethod" finished-at="2024-05-15T13:13:43 IST" duration-ms="0" status="SKIP">
          <reporter-output>
          </reporter-output>
        </test-method> <!-- beforeMethod -->
        <test-method signature="successfulLogin()[pri:0, instance:com.qa.tests.LoginTests@189cbd7c]" started-at="2024-05-15T13:13:43 IST" name="successfulLogin" finished-at="2024-05-15T13:13:43 IST" duration-ms="0" status="SKIP">
          <exception class="org.openqa.selenium.SessionNotCreatedException">
            <message>
              <![CDATA[Could not start a new session. Response code 404. Message: The requested resource could not be found, or a request was received using an HTTP method that is not supported by the mapped resource 
Host info: host: 'LAPTOP-N6849G24', ip: '192.168.1.144'
Build info: version: '4.20.0', revision: '866c76ca80'
System info: os.name: 'Windows 11', os.arch: 'amd64', os.version: '10.0', java.version: '17.0.7'
Driver info: io.appium.java_client.android.AndroidDriver
Command: [null, newSession {capabilities=[{platformName=ANDROID, appium:chromeDriverPort=11000, appium:systemPort=10000, appium:avd=Pixel_7, appium:appActivity=com.swaglabsmobileapp.SplashActivity, appium:deviceName=Pixel_7, appium:app=C:\Users\excel\eclipse-workspace\TDDFramework\src\test\resources\app\Android.SauceLabs.Mobile.Sample.app.2.7.1.apk, appium:appPackage=com.swaglabsmobileapp, appium:avdLaunchTimeout=120000, appium:udid=emulator-5554, appium:automationName=UiAutomator2}], desiredCapabilities=Capabilities {app: C:\Users\excel\eclipse-work..., appActivity: com.swaglabsmobileapp.Splas..., appPackage: com.swaglabsmobileapp, automationName: UiAutomator2, avd: Pixel_7, avdLaunchTimeout: 120000, chromeDriverPort: 11000, deviceName: Pixel_7, platformName: ANDROID, systemPort: 10000, udid: emulator-5554}}]
Capabilities {app: C:\Users\excel\eclipse-work..., appActivity: com.swaglabsmobileapp.Splas..., appPackage: com.swaglabsmobileapp, automationName: UiAutomator2, avd: Pixel_7, avdLaunchTimeout: 120000, chromeDriverPort: 11000, deviceName: Pixel_7, platformName: ANDROID, systemPort: 10000, udid: emulator-5554}]]>
            </message>
            <full-stacktrace>
              <![CDATA[org.openqa.selenium.SessionNotCreatedException: Could not start a new session. Response code 404. Message: The requested resource could not be found, or a request was received using an HTTP method that is not supported by the mapped resource 
Host info: host: 'LAPTOP-N6849G24', ip: '192.168.1.144'
Build info: version: '4.20.0', revision: '866c76ca80'
System info: os.name: 'Windows 11', os.arch: 'amd64', os.version: '10.0', java.version: '17.0.7'
Driver info: io.appium.java_client.android.AndroidDriver
Command: [null, newSession {capabilities=[{platformName=ANDROID, appium:chromeDriverPort=11000, appium:systemPort=10000, appium:avd=Pixel_7, appium:appActivity=com.swaglabsmobileapp.SplashActivity, appium:deviceName=Pixel_7, appium:app=C:\Users\excel\eclipse-workspace\TDDFramework\src\test\resources\app\Android.SauceLabs.Mobile.Sample.app.2.7.1.apk, appium:appPackage=com.swaglabsmobileapp, appium:avdLaunchTimeout=120000, appium:udid=emulator-5554, appium:automationName=UiAutomator2}], desiredCapabilities=Capabilities {app: C:\Users\excel\eclipse-work..., appActivity: com.swaglabsmobileapp.Splas..., appPackage: com.swaglabsmobileapp, automationName: UiAutomator2, avd: Pixel_7, avdLaunchTimeout: 120000, chromeDriverPort: 11000, deviceName: Pixel_7, platformName: ANDROID, systemPort: 10000, udid: emulator-5554}}]
Capabilities {app: C:\Users\excel\eclipse-work..., appActivity: com.swaglabsmobileapp.Splas..., appPackage: com.swaglabsmobileapp, automationName: UiAutomator2, avd: Pixel_7, avdLaunchTimeout: 120000, chromeDriverPort: 11000, deviceName: Pixel_7, platformName: ANDROID, systemPort: 10000, udid: emulator-5554}
at org.openqa.selenium.remote.ProtocolHandshake.createSession(ProtocolHandshake.java:114)
at java.base/jdk.internal.reflect.NativeMethodAccessorImpl.invoke0(Native Method)
at java.base/jdk.internal.reflect.NativeMethodAccessorImpl.invoke(NativeMethodAccessorImpl.java:77)
at java.base/jdk.internal.reflect.DelegatingMethodAccessorImpl.invoke(DelegatingMethodAccessorImpl.java:43)
at java.base/java.lang.reflect.Method.invoke(Method.java:568)
at io.appium.java_client.remote.AppiumProtocolHandshake.createSession(AppiumProtocolHandshake.java:116)
at io.appium.java_client.remote.AppiumProtocolHandshake.createSession(AppiumProtocolHandshake.java:96)
at io.appium.java_client.remote.AppiumCommandExecutor.createSession(AppiumCommandExecutor.java:176)
at io.appium.java_client.remote.AppiumCommandExecutor.execute(AppiumCommandExecutor.java:237)
at org.openqa.selenium.remote.RemoteWebDriver.execute(RemoteWebDriver.java:518)
at io.appium.java_client.AppiumDriver.startSession(AppiumDriver.java:268)
at org.openqa.selenium.remote.RemoteWebDriver.<init>(RemoteWebDriver.java:161)
at io.appium.java_client.AppiumDriver.<init>(AppiumDriver.java:90)
at io.appium.java_client.AppiumDriver.<init>(AppiumDriver.java:102)
at io.appium.java_client.android.AndroidDriver.<init>(AndroidDriver.java:109)
at com.qa.BaseTest.beforeTest(BaseTest.java:270)
at java.base/jdk.internal.reflect.NativeMethodAccessorImpl.invoke0(Native Method)
at java.base/jdk.internal.reflect.NativeMethodAccessorImpl.invoke(NativeMethodAccessorImpl.java:77)
at java.base/jdk.internal.reflect.DelegatingMethodAccessorImpl.invoke(DelegatingMethodAccessorImpl.java:43)
at java.base/java.lang.reflect.Method.invoke(Method.java:568)
at org.testng.internal.invokers.MethodInvocationHelper.invokeMethod(MethodInvocationHelper.java:139)
at org.testng.internal.invokers.MethodInvocationHelper.invokeMethodConsideringTimeout(MethodInvocationHelper.java:69)
at org.testng.internal.invokers.ConfigInvoker.invokeConfigurationMethod(ConfigInvoker.java:393)
at org.testng.internal.invokers.ConfigInvoker.invokeConfigurations(ConfigInvoker.java:326)
at org.testng.TestRunner.invokeTestConfigurations(TestRunner.java:661)
at org.testng.TestRunner.beforeRun(TestRunner.java:650)
at org.testng.TestRunner.run(TestRunner.java:612)
at org.testng.SuiteRunner.runTest(SuiteRunner.java:443)
at org.testng.SuiteRunner$SuiteWorker.run(SuiteRunner.java:481)
at org.testng.internal.thread.ThreadUtil.lambda$execute$0(ThreadUtil.java:58)
at java.base/java.util.concurrent.FutureTask.run(FutureTask.java:264)
at java.base/java.util.concurrent.ThreadPoolExecutor.runWorker(ThreadPoolExecutor.java:1136)
at java.base/java.util.concurrent.ThreadPoolExecutor$Worker.run(ThreadPoolExecutor.java:635)
at java.base/java.lang.Thread.run(Thread.java:833)
]]>
            </full-stacktrace>
          </exception> <!-- org.openqa.selenium.SessionNotCreatedException -->
          <reporter-output>
          </reporter-output>
        </test-method> <!-- successfulLogin -->
        <test-method is-config="true" signature="afterMethod(org.testng.ITestResult)[pri:0, instance:com.qa.tests.LoginTests@189cbd7c]" started-at="2024-05-15T13:13:43 IST" name="afterMethod" finished-at="2024-05-15T13:13:43 IST" duration-ms="0" status="SKIP">
          <reporter-output>
          </reporter-output>
        </test-method> <!-- afterMethod -->
        <test-method is-config="true" signature="afterMethod()[pri:0, instance:com.qa.tests.LoginTests@189cbd7c]" started-at="2024-05-15T13:13:43 IST" name="afterMethod" finished-at="2024-05-15T13:13:43 IST" duration-ms="0" status="SKIP">
          <reporter-output>
          </reporter-output>
        </test-method> <!-- afterMethod -->
        <test-method is-config="true" signature="afterClass()[pri:0, instance:com.qa.tests.LoginTests@189cbd7c]" started-at="2024-05-15T13:13:43 IST" name="afterClass" finished-at="2024-05-15T13:13:43 IST" duration-ms="0" status="SKIP">
          <reporter-output>
          </reporter-output>
        </test-method> <!-- afterClass -->
        <test-method is-config="true" signature="afterTest()[pri:0, instance:com.qa.tests.LoginTests@189cbd7c]" started-at="2024-05-15T13:13:43 IST" name="afterTest" finished-at="2024-05-15T13:13:43 IST" duration-ms="0" status="PASS">
          <reporter-output>
          </reporter-output>
        </test-method> <!-- afterTest -->
        <test-method is-config="true" signature="afterSuite()[pri:0, instance:com.qa.tests.LoginTests@189cbd7c]" started-at="2024-05-15T13:13:43 IST" name="afterSuite" finished-at="2024-05-15T13:13:43 IST" duration-ms="0" status="PASS">
          <reporter-output>
          </reporter-output>
        </test-method> <!-- afterSuite -->
      </class> <!-- com.qa.tests.LoginTests -->
      <class name="com.qa.tests.ProductTests">
        <test-method is-config="true" signature="beforeClass()[pri:0, instance:com.qa.tests.ProductTests@f627d13]" started-at="2024-05-15T13:13:43 IST" name="beforeClass" finished-at="2024-05-15T13:13:43 IST" duration-ms="0" status="SKIP">
          <reporter-output>
          </reporter-output>
        </test-method> <!-- beforeClass -->
        <test-method is-config="true" signature="beforeMethod()[pri:0, instance:com.qa.tests.ProductTests@f627d13]" started-at="2024-05-15T13:13:43 IST" name="beforeMethod" finished-at="2024-05-15T13:13:43 IST" duration-ms="0" status="SKIP">
          <reporter-output>
          </reporter-output>
        </test-method> <!-- beforeMethod -->
        <test-method is-config="true" signature="beforeMethod(java.lang.reflect.Method)[pri:0, instance:com.qa.tests.ProductTests@f627d13]" started-at="2024-05-15T13:13:43 IST" name="beforeMethod" finished-at="2024-05-15T13:13:43 IST" duration-ms="0" status="SKIP">
          <reporter-output>
          </reporter-output>
        </test-method> <!-- beforeMethod -->
        <test-method signature="validateProductOnProductDetailsPage()[pri:0, instance:com.qa.tests.ProductTests@f627d13]" started-at="2024-05-15T13:13:43 IST" name="validateProductOnProductDetailsPage" finished-at="2024-05-15T13:13:43 IST" duration-ms="0" status="SKIP">
          <exception class="org.openqa.selenium.SessionNotCreatedException">
            <message>
              <![CDATA[Could not start a new session. Response code 404. Message: The requested resource could not be found, or a request was received using an HTTP method that is not supported by the mapped resource 
Host info: host: 'LAPTOP-N6849G24', ip: '192.168.1.144'
Build info: version: '4.20.0', revision: '866c76ca80'
System info: os.name: 'Windows 11', os.arch: 'amd64', os.version: '10.0', java.version: '17.0.7'
Driver info: io.appium.java_client.android.AndroidDriver
Command: [null, newSession {capabilities=[{platformName=ANDROID, appium:chromeDriverPort=11000, appium:systemPort=10000, appium:avd=Pixel_7, appium:appActivity=com.swaglabsmobileapp.SplashActivity, appium:deviceName=Pixel_7, appium:app=C:\Users\excel\eclipse-workspace\TDDFramework\src\test\resources\app\Android.SauceLabs.Mobile.Sample.app.2.7.1.apk, appium:appPackage=com.swaglabsmobileapp, appium:avdLaunchTimeout=120000, appium:udid=emulator-5554, appium:automationName=UiAutomator2}], desiredCapabilities=Capabilities {app: C:\Users\excel\eclipse-work..., appActivity: com.swaglabsmobileapp.Splas..., appPackage: com.swaglabsmobileapp, automationName: UiAutomator2, avd: Pixel_7, avdLaunchTimeout: 120000, chromeDriverPort: 11000, deviceName: Pixel_7, platformName: ANDROID, systemPort: 10000, udid: emulator-5554}}]
Capabilities {app: C:\Users\excel\eclipse-work..., appActivity: com.swaglabsmobileapp.Splas..., appPackage: com.swaglabsmobileapp, automationName: UiAutomator2, avd: Pixel_7, avdLaunchTimeout: 120000, chromeDriverPort: 11000, deviceName: Pixel_7, platformName: ANDROID, systemPort: 10000, udid: emulator-5554}]]>
            </message>
            <full-stacktrace>
              <![CDATA[org.openqa.selenium.SessionNotCreatedException: Could not start a new session. Response code 404. Message: The requested resource could not be found, or a request was received using an HTTP method that is not supported by the mapped resource 
Host info: host: 'LAPTOP-N6849G24', ip: '192.168.1.144'
Build info: version: '4.20.0', revision: '866c76ca80'
System info: os.name: 'Windows 11', os.arch: 'amd64', os.version: '10.0', java.version: '17.0.7'
Driver info: io.appium.java_client.android.AndroidDriver
Command: [null, newSession {capabilities=[{platformName=ANDROID, appium:chromeDriverPort=11000, appium:systemPort=10000, appium:avd=Pixel_7, appium:appActivity=com.swaglabsmobileapp.SplashActivity, appium:deviceName=Pixel_7, appium:app=C:\Users\excel\eclipse-workspace\TDDFramework\src\test\resources\app\Android.SauceLabs.Mobile.Sample.app.2.7.1.apk, appium:appPackage=com.swaglabsmobileapp, appium:avdLaunchTimeout=120000, appium:udid=emulator-5554, appium:automationName=UiAutomator2}], desiredCapabilities=Capabilities {app: C:\Users\excel\eclipse-work..., appActivity: com.swaglabsmobileapp.Splas..., appPackage: com.swaglabsmobileapp, automationName: UiAutomator2, avd: Pixel_7, avdLaunchTimeout: 120000, chromeDriverPort: 11000, deviceName: Pixel_7, platformName: ANDROID, systemPort: 10000, udid: emulator-5554}}]
Capabilities {app: C:\Users\excel\eclipse-work..., appActivity: com.swaglabsmobileapp.Splas..., appPackage: com.swaglabsmobileapp, automationName: UiAutomator2, avd: Pixel_7, avdLaunchTimeout: 120000, chromeDriverPort: 11000, deviceName: Pixel_7, platformName: ANDROID, systemPort: 10000, udid: emulator-5554}
at org.openqa.selenium.remote.ProtocolHandshake.createSession(ProtocolHandshake.java:114)
at java.base/jdk.internal.reflect.NativeMethodAccessorImpl.invoke0(Native Method)
at java.base/jdk.internal.reflect.NativeMethodAccessorImpl.invoke(NativeMethodAccessorImpl.java:77)
at java.base/jdk.internal.reflect.DelegatingMethodAccessorImpl.invoke(DelegatingMethodAccessorImpl.java:43)
at java.base/java.lang.reflect.Method.invoke(Method.java:568)
at io.appium.java_client.remote.AppiumProtocolHandshake.createSession(AppiumProtocolHandshake.java:116)
at io.appium.java_client.remote.AppiumProtocolHandshake.createSession(AppiumProtocolHandshake.java:96)
at io.appium.java_client.remote.AppiumCommandExecutor.createSession(AppiumCommandExecutor.java:176)
at io.appium.java_client.remote.AppiumCommandExecutor.execute(AppiumCommandExecutor.java:237)
at org.openqa.selenium.remote.RemoteWebDriver.execute(RemoteWebDriver.java:518)
at io.appium.java_client.AppiumDriver.startSession(AppiumDriver.java:268)
at org.openqa.selenium.remote.RemoteWebDriver.<init>(RemoteWebDriver.java:161)
at io.appium.java_client.AppiumDriver.<init>(AppiumDriver.java:90)
at io.appium.java_client.AppiumDriver.<init>(AppiumDriver.java:102)
at io.appium.java_client.android.AndroidDriver.<init>(AndroidDriver.java:109)
at com.qa.BaseTest.beforeTest(BaseTest.java:270)
at java.base/jdk.internal.reflect.NativeMethodAccessorImpl.invoke0(Native Method)
at java.base/jdk.internal.reflect.NativeMethodAccessorImpl.invoke(NativeMethodAccessorImpl.java:77)
at java.base/jdk.internal.reflect.DelegatingMethodAccessorImpl.invoke(DelegatingMethodAccessorImpl.java:43)
at java.base/java.lang.reflect.Method.invoke(Method.java:568)
at org.testng.internal.invokers.MethodInvocationHelper.invokeMethod(MethodInvocationHelper.java:139)
at org.testng.internal.invokers.MethodInvocationHelper.invokeMethodConsideringTimeout(MethodInvocationHelper.java:69)
at org.testng.internal.invokers.ConfigInvoker.invokeConfigurationMethod(ConfigInvoker.java:393)
at org.testng.internal.invokers.ConfigInvoker.invokeConfigurations(ConfigInvoker.java:326)
at org.testng.TestRunner.invokeTestConfigurations(TestRunner.java:661)
at org.testng.TestRunner.beforeRun(TestRunner.java:650)
at org.testng.TestRunner.run(TestRunner.java:612)
at org.testng.SuiteRunner.runTest(SuiteRunner.java:443)
at org.testng.SuiteRunner$SuiteWorker.run(SuiteRunner.java:481)
at org.testng.internal.thread.ThreadUtil.lambda$execute$0(ThreadUtil.java:58)
at java.base/java.util.concurrent.FutureTask.run(FutureTask.java:264)
at java.base/java.util.concurrent.ThreadPoolExecutor.runWorker(ThreadPoolExecutor.java:1136)
at java.base/java.util.concurrent.ThreadPoolExecutor$Worker.run(ThreadPoolExecutor.java:635)
at java.base/java.lang.Thread.run(Thread.java:833)
]]>
            </full-stacktrace>
          </exception> <!-- org.openqa.selenium.SessionNotCreatedException -->
          <reporter-output>
          </reporter-output>
        </test-method> <!-- validateProductOnProductDetailsPage -->
        <test-method is-config="true" signature="afterMethod()[pri:0, instance:com.qa.tests.ProductTests@f627d13]" started-at="2024-05-15T13:13:43 IST" name="afterMethod" finished-at="2024-05-15T13:13:43 IST" duration-ms="0" status="SKIP">
          <reporter-output>
          </reporter-output>
        </test-method> <!-- afterMethod -->
        <test-method is-config="true" signature="afterMethod(org.testng.ITestResult)[pri:0, instance:com.qa.tests.ProductTests@f627d13]" started-at="2024-05-15T13:13:43 IST" name="afterMethod" finished-at="2024-05-15T13:13:43 IST" duration-ms="0" status="SKIP">
          <reporter-output>
          </reporter-output>
        </test-method> <!-- afterMethod -->
        <test-method is-config="true" signature="beforeMethod()[pri:0, instance:com.qa.tests.ProductTests@f627d13]" started-at="2024-05-15T13:13:43 IST" name="beforeMethod" finished-at="2024-05-15T13:13:43 IST" duration-ms="0" status="SKIP">
          <reporter-output>
          </reporter-output>
        </test-method> <!-- beforeMethod -->
        <test-method is-config="true" signature="beforeMethod(java.lang.reflect.Method)[pri:0, instance:com.qa.tests.ProductTests@f627d13]" started-at="2024-05-15T13:13:43 IST" name="beforeMethod" finished-at="2024-05-15T13:13:43 IST" duration-ms="0" status="SKIP">
          <reporter-output>
          </reporter-output>
        </test-method> <!-- beforeMethod -->
        <test-method signature="validateProductOnProductsPage()[pri:0, instance:com.qa.tests.ProductTests@f627d13]" started-at="2024-05-15T13:13:43 IST" name="validateProductOnProductsPage" finished-at="2024-05-15T13:13:43 IST" duration-ms="0" status="SKIP">
          <exception class="org.openqa.selenium.SessionNotCreatedException">
            <message>
              <![CDATA[Could not start a new session. Response code 404. Message: The requested resource could not be found, or a request was received using an HTTP method that is not supported by the mapped resource 
Host info: host: 'LAPTOP-N6849G24', ip: '192.168.1.144'
Build info: version: '4.20.0', revision: '866c76ca80'
System info: os.name: 'Windows 11', os.arch: 'amd64', os.version: '10.0', java.version: '17.0.7'
Driver info: io.appium.java_client.android.AndroidDriver
Command: [null, newSession {capabilities=[{platformName=ANDROID, appium:chromeDriverPort=11000, appium:systemPort=10000, appium:avd=Pixel_7, appium:appActivity=com.swaglabsmobileapp.SplashActivity, appium:deviceName=Pixel_7, appium:app=C:\Users\excel\eclipse-workspace\TDDFramework\src\test\resources\app\Android.SauceLabs.Mobile.Sample.app.2.7.1.apk, appium:appPackage=com.swaglabsmobileapp, appium:avdLaunchTimeout=120000, appium:udid=emulator-5554, appium:automationName=UiAutomator2}], desiredCapabilities=Capabilities {app: C:\Users\excel\eclipse-work..., appActivity: com.swaglabsmobileapp.Splas..., appPackage: com.swaglabsmobileapp, automationName: UiAutomator2, avd: Pixel_7, avdLaunchTimeout: 120000, chromeDriverPort: 11000, deviceName: Pixel_7, platformName: ANDROID, systemPort: 10000, udid: emulator-5554}}]
Capabilities {app: C:\Users\excel\eclipse-work..., appActivity: com.swaglabsmobileapp.Splas..., appPackage: com.swaglabsmobileapp, automationName: UiAutomator2, avd: Pixel_7, avdLaunchTimeout: 120000, chromeDriverPort: 11000, deviceName: Pixel_7, platformName: ANDROID, systemPort: 10000, udid: emulator-5554}]]>
            </message>
            <full-stacktrace>
              <![CDATA[org.openqa.selenium.SessionNotCreatedException: Could not start a new session. Response code 404. Message: The requested resource could not be found, or a request was received using an HTTP method that is not supported by the mapped resource 
Host info: host: 'LAPTOP-N6849G24', ip: '192.168.1.144'
Build info: version: '4.20.0', revision: '866c76ca80'
System info: os.name: 'Windows 11', os.arch: 'amd64', os.version: '10.0', java.version: '17.0.7'
Driver info: io.appium.java_client.android.AndroidDriver
Command: [null, newSession {capabilities=[{platformName=ANDROID, appium:chromeDriverPort=11000, appium:systemPort=10000, appium:avd=Pixel_7, appium:appActivity=com.swaglabsmobileapp.SplashActivity, appium:deviceName=Pixel_7, appium:app=C:\Users\excel\eclipse-workspace\TDDFramework\src\test\resources\app\Android.SauceLabs.Mobile.Sample.app.2.7.1.apk, appium:appPackage=com.swaglabsmobileapp, appium:avdLaunchTimeout=120000, appium:udid=emulator-5554, appium:automationName=UiAutomator2}], desiredCapabilities=Capabilities {app: C:\Users\excel\eclipse-work..., appActivity: com.swaglabsmobileapp.Splas..., appPackage: com.swaglabsmobileapp, automationName: UiAutomator2, avd: Pixel_7, avdLaunchTimeout: 120000, chromeDriverPort: 11000, deviceName: Pixel_7, platformName: ANDROID, systemPort: 10000, udid: emulator-5554}}]
Capabilities {app: C:\Users\excel\eclipse-work..., appActivity: com.swaglabsmobileapp.Splas..., appPackage: com.swaglabsmobileapp, automationName: UiAutomator2, avd: Pixel_7, avdLaunchTimeout: 120000, chromeDriverPort: 11000, deviceName: Pixel_7, platformName: ANDROID, systemPort: 10000, udid: emulator-5554}
at org.openqa.selenium.remote.ProtocolHandshake.createSession(ProtocolHandshake.java:114)
at java.base/jdk.internal.reflect.NativeMethodAccessorImpl.invoke0(Native Method)
at java.base/jdk.internal.reflect.NativeMethodAccessorImpl.invoke(NativeMethodAccessorImpl.java:77)
at java.base/jdk.internal.reflect.DelegatingMethodAccessorImpl.invoke(DelegatingMethodAccessorImpl.java:43)
at java.base/java.lang.reflect.Method.invoke(Method.java:568)
at io.appium.java_client.remote.AppiumProtocolHandshake.createSession(AppiumProtocolHandshake.java:116)
at io.appium.java_client.remote.AppiumProtocolHandshake.createSession(AppiumProtocolHandshake.java:96)
at io.appium.java_client.remote.AppiumCommandExecutor.createSession(AppiumCommandExecutor.java:176)
at io.appium.java_client.remote.AppiumCommandExecutor.execute(AppiumCommandExecutor.java:237)
at org.openqa.selenium.remote.RemoteWebDriver.execute(RemoteWebDriver.java:518)
at io.appium.java_client.AppiumDriver.startSession(AppiumDriver.java:268)
at org.openqa.selenium.remote.RemoteWebDriver.<init>(RemoteWebDriver.java:161)
at io.appium.java_client.AppiumDriver.<init>(AppiumDriver.java:90)
at io.appium.java_client.AppiumDriver.<init>(AppiumDriver.java:102)
at io.appium.java_client.android.AndroidDriver.<init>(AndroidDriver.java:109)
at com.qa.BaseTest.beforeTest(BaseTest.java:270)
at java.base/jdk.internal.reflect.NativeMethodAccessorImpl.invoke0(Native Method)
at java.base/jdk.internal.reflect.NativeMethodAccessorImpl.invoke(NativeMethodAccessorImpl.java:77)
at java.base/jdk.internal.reflect.DelegatingMethodAccessorImpl.invoke(DelegatingMethodAccessorImpl.java:43)
at java.base/java.lang.reflect.Method.invoke(Method.java:568)
at org.testng.internal.invokers.MethodInvocationHelper.invokeMethod(MethodInvocationHelper.java:139)
at org.testng.internal.invokers.MethodInvocationHelper.invokeMethodConsideringTimeout(MethodInvocationHelper.java:69)
at org.testng.internal.invokers.ConfigInvoker.invokeConfigurationMethod(ConfigInvoker.java:393)
at org.testng.internal.invokers.ConfigInvoker.invokeConfigurations(ConfigInvoker.java:326)
at org.testng.TestRunner.invokeTestConfigurations(TestRunner.java:661)
at org.testng.TestRunner.beforeRun(TestRunner.java:650)
at org.testng.TestRunner.run(TestRunner.java:612)
at org.testng.SuiteRunner.runTest(SuiteRunner.java:443)
at org.testng.SuiteRunner$SuiteWorker.run(SuiteRunner.java:481)
at org.testng.internal.thread.ThreadUtil.lambda$execute$0(ThreadUtil.java:58)
at java.base/java.util.concurrent.FutureTask.run(FutureTask.java:264)
at java.base/java.util.concurrent.ThreadPoolExecutor.runWorker(ThreadPoolExecutor.java:1136)
at java.base/java.util.concurrent.ThreadPoolExecutor$Worker.run(ThreadPoolExecutor.java:635)
at java.base/java.lang.Thread.run(Thread.java:833)
]]>
            </full-stacktrace>
          </exception> <!-- org.openqa.selenium.SessionNotCreatedException -->
          <reporter-output>
          </reporter-output>
        </test-method> <!-- validateProductOnProductsPage -->
        <test-method is-config="true" signature="afterMethod()[pri:0, instance:com.qa.tests.ProductTests@f627d13]" started-at="2024-05-15T13:13:43 IST" name="afterMethod" finished-at="2024-05-15T13:13:43 IST" duration-ms="0" status="SKIP">
          <reporter-output>
          </reporter-output>
        </test-method> <!-- afterMethod -->
        <test-method is-config="true" signature="afterMethod(org.testng.ITestResult)[pri:0, instance:com.qa.tests.ProductTests@f627d13]" started-at="2024-05-15T13:13:43 IST" name="afterMethod" finished-at="2024-05-15T13:13:43 IST" duration-ms="0" status="SKIP">
          <reporter-output>
          </reporter-output>
        </test-method> <!-- afterMethod -->
        <test-method is-config="true" signature="afterClass()[pri:0, instance:com.qa.tests.ProductTests@f627d13]" started-at="2024-05-15T13:13:43 IST" name="afterClass" finished-at="2024-05-15T13:13:43 IST" duration-ms="0" status="SKIP">
          <reporter-output>
          </reporter-output>
        </test-method> <!-- afterClass -->
      </class> <!-- com.qa.tests.ProductTests -->
    </test> <!-- Pixel_5 -->
  </suite> <!-- Suite -->
</testng-results>
